
                 PERFORM META-ANALYSIS OF GENOME-WIDE ASSOCIATION STUDIES
++++++++++++++++++++++++++++++++++++++++++++++++++++++++++++++++++++++++++++++++++++

FOURTH step: result clumping.
[1m+++++++++++++++++++++++++++++++++++++++++++++++++++++++++++++++++++++++++++++++++++++++++++++++++++++++++[00m
[1m          MetaGWASToolKit: A TOOLKIT FOR THE META-ANALYSIS OF GENOME-WIDE ASSOCIATION STUDIES[00m
[1m                                       --- CLUMPING RESULTS ---[00m
[1m[00m
[1m* Version:      v1.7.1[00m
[1m[00m
[1m* Last update:  2018-08-09[00m
[1m* Based on:     MANTEL, as written by Sara Pulit, Jessica van Setten, and Paul de Bakker.[00m
[1m* Written by:   Sander W. van der Laan | s.w.vanderlaan@gmail.com.[00m
[1m                Sara Pulit; [00m
[1m                Jessica van Setten; [00m
[1m                Paul I.W. de Bakker.[00m
[1m* Testers:      Jessica van Setten.[00m
[1m* Description:  Perform a meta-analysis of genome-wide association studies. It will do the following:[00m
[1m                - Automatically parse the various cohort files.[00m
[1m                - Harmonize GWAS datasets relative to a reference.[00m
[1m                - Perform QC on GWAS datasets using user-defined settings.[00m
[1m                - Produce plots (PDF and PNG) for quick inspection and publication.[00m
[1m                - Run a meta-analysis using Random, Fixed, and Z-score methods.[00m
[1m                - Correct results for the genomic inflation factor.[00m
[1m                - Clump results based on a p-value threshold for downstream (meta-)analyses.[00m
[1m                - Produce plots (PDF and PNG) of the final meta-analysis results for publication.[00m
[1m                - Produce LocusZoom style regional plots for genome-wide significant hits.[00m
[1m                - Produce a ReadMe file.[00m
[1m[00m
[1m* REQUIRED: [00m
[1m  - A high-performance computer cluster with a qsub system[00m
[1m  - R v3.2+, Python 2.7+, Perl.[00m
[1m  - Required Python 2.7+ modules: [pandas], [scipy], [numpy].[00m
[1m  - Required Perl modules: [YAML], [Statistics::Distributions], [Getopt::Long].[00m
[1m  - Note: it will also work on a Mac OS X system with R and Python installed.[00m
[1m[00m
[1m+++++++++++++++++++++++++++++++++++++++++++++++++++++++++++++++++++++++++++++++++++++++++++++++++++++++++[00m
These are the 2 arguments that passed:
The configuration file.................: metagwastoolkit.conf
The list of GWAS files.................: metagwastoolkit.files.list

Checking for the existence of the output directory [ SOMEGWAS ].
> Output directory already exists.

Checking for the existence of the subproject directory [ SOMEGWAS/MODEL1 ].
> Subproject directory already exists.

Checking for the existence of the raw data directory [ SOMEGWAS/MODEL1/RAW ].
> Raw data directory already exists.

Checking for the existence of the meta-analysis results directory [ SOMEGWAS/MODEL1/META ].
> Meta-analysis results directory already exists.
Checking for the existence of the meta-analysis temporary results directory [ SOMEGWAS/MODEL1/META/TEMP ].
> Meta-analysis results temporary directory already exists.


+++++++++++++++++++++++++++++++++++++++++++++++++++++++++++++++++++++++++++++++++++++++++++++++++++++++++

The scene is properly set, and directories are created! 🖖
MetaGWASToolKit program........................: /hpc/local/CentOS7/dhl_ec/software/MetaGWASToolKit
MetaGWASToolKit scripts........................: /hpc/local/CentOS7/dhl_ec/software/MetaGWASToolKit/SCRIPTS
MetaGWASToolKit resources......................: /hpc/local/CentOS7/dhl_ec/software/MetaGWASToolKit/RESOURCES
Reference used.................................: 1Gp1
Main directory.................................: /hpc/local/CentOS7/dhl_ec/software/MetaGWASToolKit/EXAMPLE
Main analysis output directory.................: SOMEGWAS
Subproject's analysis output directory.........: SOMEGWAS/MODEL1
Original data directory........................: /hpc/local/CentOS7/dhl_ec/software/MetaGWASToolKit/EXAMPLE/RAWDATA
We are processing these cohort(s)..............:
     * COHORT1
     * COHORT2
     * COHORT3
Raw data directory.............................: SOMEGWAS/MODEL1/RAW
+++++++++++++++++++++++++++++++++++++++++++++++++++++++++++++++++++++++++++++++++++++++++++++++++++++++++

[1m#========================================================================================================[00m
[1m#== CLUMPING OF META-ANALYSIS RESULTS -- BETA[00m
[1m#========================================================================================================[00m
[1m#[00m
Clumping meta-analysis summary file...
Your job 7363569 ("METACLUMP") has been submitted
[1m#========================================================================================================[00m
[1m#== PARSING CLUMPED RESULTS -- BETA[00m
[1m#========================================================================================================[00m
[1m#[00m
Clumping meta-analysis summary file...
Your job 7363570 ("METAPARSER") has been submitted
[1m#========================================================================================================[00m
[1m#== REGIONAL ASSOCIATION PLOTTING OF CLUMPED RESULTS -- BETA[00m
[1m#========================================================================================================[00m
[1m#[00m
Clumping meta-analysis summary file...
Your job 7363571 ("METAPLOTTER") has been submitted

+++++++++++++++++++++++++++++++++++++++++++++++++++++++++++++++++++++++++++++++++++++++++++++++++++++++++
+ The MIT License (MIT)                                                                                 +
+ Copyright (c) 2015-2018 Sander W. van der Laan                                                        +
+                                                                                                       +
+ Permission is hereby granted, free of charge, to any person obtaining a copy of this software and     +
+ associated documentation files (the "Software"), to deal in the Software without restriction,         +
+ including without limitation the rights to use, copy, modify, merge, publish, distribute, sublicense, +
+ and/or sell copies of the Software, and to permit persons to whom the Software is furnished to do so, +
+ subject to the following conditions:                                                                  +
+                                                                                                       +
+ The above copyright notice and this permission notice shall be included in all copies or substantial  +
+ portions of the Software.                                                                             +
+                                                                                                       +
+ THE SOFTWARE IS PROVIDED "AS IS", WITHOUT WARRANTY OF ANY KIND, EXPRESS OR IMPLIED, INCLUDING BUT     +
+ NOT LIMITED TO THE WARRANTIES OF MERCHANTABILITY, FITNESS FOR A PARTICULAR PURPOSE AND                +
+ NONINFRINGEMENT. IN NO EVENT SHALL THE AUTHORS OR COPYRIGHT HOLDERS BE LIABLE FOR ANY CLAIM, DAMAGES  +
+ OR OTHER LIABILITY, WHETHER IN AN ACTION OF CONTRACT, TORT OR OTHERWISE, ARISING FROM, OUT OF OR IN   +
+ CONNECTION WITH THE SOFTWARE OR THE USE OR OTHER DEALINGS IN THE SOFTWARE.                            +
+                                                                                                       +
+ Reference: http://opensource.org.                                                                     +
+++++++++++++++++++++++++++++++++++++++++++++++++++++++++++++++++++++++++++++++++++++++++++++++++++++++++
