
                 PERFORM META-ANALYSIS OF GENOME-WIDE ASSOCIATION STUDIES
++++++++++++++++++++++++++++++++++++++++++++++++++++++++++++++++++++++++++++++++++++

THIRD step: meta-analysis.
[1m+++++++++++++++++++++++++++++++++++++++++++++++++++++++++++++++++++++++++++++++++++++++++++++++++++++++++[00m
[1m          MetaGWASToolKit: A TOOLKIT FOR THE META-ANALYSIS OF GENOME-WIDE ASSOCIATION STUDIES[00m
[1m                                       --- META-ANALYSIS ---[00m
[1m[00m
[1m* Version:      v1.8.0[00m
[1m[00m
[1m* Last update:  2018-08-07[00m
[1m* Based on:     MANTEL, as written by Sara Pulit, Jessica van Setten, and Paul de Bakker.[00m
[1m* Written by:   Sander W. van der Laan | s.w.vanderlaan@gmail.com.[00m
[1m                Sara Pulit; [00m
[1m                Jessica van Setten; [00m
[1m                Paul I.W. de Bakker.[00m
[1m* Testers:      Jessica van Setten.[00m
[1m* Description:  Perform a meta-analysis of genome-wide association studies. It will do the following:[00m
[1m                - Automatically parse the various cohort files.[00m
[1m                - Harmonize GWAS datasets relative to a reference.[00m
[1m                - Perform QC on GWAS datasets using user-defined settings.[00m
[1m                - Produce plots (PDF and PNG) for quick inspection and publication.[00m
[1m                - Run a meta-analysis using Random, Fixed, and Z-score methods.[00m
[1m                - Correct results for the genomic inflation factor.[00m
[1m                - Clump results based on a p-value threshold for downstream (meta-)analyses.[00m
[1m                - Produce plots (PDF and PNG) of the final meta-analysis results for publication.[00m
[1m                - Produce LocusZoom style regional plots for genome-wide significant hits.[00m
[1m                - Produce a ReadMe file.[00m
[1m[00m
[1m* REQUIRED: [00m
[1m  - A high-performance computer cluster with a qsub system[00m
[1m  - R v3.2+, Python 2.7+, Perl.[00m
[1m  - Required Python 2.7+ modules: [pandas], [scipy], [numpy].[00m
[1m  - Required Perl modules: [YAML], [Statistics::Distributions], [Getopt::Long].[00m
[1m  - Note: it will also work on a Mac OS X system with R and Python installed.[00m
[1m[00m
[1m+++++++++++++++++++++++++++++++++++++++++++++++++++++++++++++++++++++++++++++++++++++++++++++++++++++++++[00m
These are the 2 arguments that passed:
The configuration file.................: metagwastoolkit.conf
The list of GWAS files.................: metagwastoolkit.files.list

Checking for the existence of the output directory [ SOMEGWAS ].
> Output directory already exists.

Checking for the existence of the subproject directory [ SOMEGWAS/MODEL1 ].
> Subproject directory already exists.

Checking for the existence of the raw data directory [ SOMEGWAS/MODEL1/RAW ].
> Raw data directory already exists.

Checking for the existence of the meta-analysis results directory [ SOMEGWAS/MODEL1/META ].
> Meta-analysis results directory already exists.
Checking for the existence of the meta-analysis temporary results directory [ SOMEGWAS/MODEL1/META/TEMP ].
> Meta-analysis results temporary directory already exists.


+++++++++++++++++++++++++++++++++++++++++++++++++++++++++++++++++++++++++++++++++++++++++++++++++++++++++

The scene is properly set, and directories are created! 🖖
MetaGWASToolKit program........................: /hpc/local/CentOS7/dhl_ec/software/MetaGWASToolKit
MetaGWASToolKit scripts........................: /hpc/local/CentOS7/dhl_ec/software/MetaGWASToolKit/SCRIPTS
MetaGWASToolKit resources......................: /hpc/local/CentOS7/dhl_ec/software/MetaGWASToolKit/RESOURCES
Reference used.................................: 1Gp1
Main directory.................................: /hpc/local/CentOS7/dhl_ec/software/MetaGWASToolKit/EXAMPLE
Main analysis output directory.................: SOMEGWAS
Subproject's analysis output directory.........: SOMEGWAS/MODEL1
Original data directory........................: /hpc/local/CentOS7/dhl_ec/software/MetaGWASToolKit/EXAMPLE/RAWDATA
We are processing these cohort(s)..............:
     * COHORT1
     * COHORT2
     * COHORT3
Raw data directory.............................: SOMEGWAS/MODEL1/RAW
+++++++++++++++++++++++++++++++++++++++++++++++++++++++++++++++++++++++++++++++++++++++++++++++++++++++++

[1m#########################################################################################################[00m
[1m### META-ANALYSIS[00m
[1m#########################################################################################################[00m
[1m#[00m

+++++++++++++++++++++++++++++++++++++++++++++++++++++++++++++++++++++++++++++++++++++++++++++++++++++++++
Starting the meta-analysis. 

[1m#========================================================================================================[00m
[1m#== PERFORM META-ANALYSIS & CORRECT P-VALUES PER CHUNK IN PARALLEL[00m
[1m#========================================================================================================[00m
[1m#[00m

We will perform the meta-analysis per chunk of 125000 variants.
* processing chunk [ aaa ] ...

  - submit meta-analysis job...
Your job 7352254 ("meta.analyzer") has been submitted

  - submit p-value correction job...
Your job 7352255 ("meta.p_corrector") has been submitted
* processing chunk [ aab ] ...

  - submit meta-analysis job...
Your job 7352256 ("meta.analyzer") has been submitted

  - submit p-value correction job...
Your job 7352257 ("meta.p_corrector") has been submitted
* processing chunk [ aac ] ...

  - submit meta-analysis job...
Your job 7352258 ("meta.analyzer") has been submitted

  - submit p-value correction job...
Your job 7352259 ("meta.p_corrector") has been submitted
* processing chunk [ aad ] ...

  - submit meta-analysis job...
Your job 7352260 ("meta.analyzer") has been submitted

  - submit p-value correction job...
Your job 7352261 ("meta.p_corrector") has been submitted
* processing chunk [ aae ] ...

  - submit meta-analysis job...
Your job 7352262 ("meta.analyzer") has been submitted

  - submit p-value correction job...
Your job 7352263 ("meta.p_corrector") has been submitted
* processing chunk [ aaf ] ...

  - submit meta-analysis job...
Your job 7352264 ("meta.analyzer") has been submitted

  - submit p-value correction job...
Your job 7352265 ("meta.p_corrector") has been submitted
* processing chunk [ aag ] ...

  - submit meta-analysis job...
Your job 7352266 ("meta.analyzer") has been submitted

  - submit p-value correction job...
Your job 7352267 ("meta.p_corrector") has been submitted
* processing chunk [ aah ] ...

  - submit meta-analysis job...
Your job 7352269 ("meta.analyzer") has been submitted

  - submit p-value correction job...
Your job 7352270 ("meta.p_corrector") has been submitted
* processing chunk [ aai ] ...

  - submit meta-analysis job...
Your job 7352271 ("meta.analyzer") has been submitted

  - submit p-value correction job...
Your job 7352272 ("meta.p_corrector") has been submitted
* processing chunk [ aaj ] ...

  - submit meta-analysis job...
Your job 7352273 ("meta.analyzer") has been submitted

  - submit p-value correction job...
Your job 7352274 ("meta.p_corrector") has been submitted
* processing chunk [ aak ] ...

  - submit meta-analysis job...
Your job 7352275 ("meta.analyzer") has been submitted

  - submit p-value correction job...
Your job 7352276 ("meta.p_corrector") has been submitted
* processing chunk [ aal ] ...

  - submit meta-analysis job...
Your job 7352277 ("meta.analyzer") has been submitted

  - submit p-value correction job...
Your job 7352278 ("meta.p_corrector") has been submitted
[1m#========================================================================================================[00m
[1m#== WRAPPING THE META-ANALYSIS RESULTS[00m
[1m#========================================================================================================[00m
[1m#[00m
Concatenating meta-analysis of GWAS results.
Your job 7352279 ("meta.concatenator") has been submitted
[1m#========================================================================================================[00m
[1m#== PLOTTING THE CORRECTED META-ANALYSIS RESULTS[00m
[1m#========================================================================================================[00m
[1m#[00m
Plotting the corrected meta-analysis results...
* Producing Manhattan-plots...
Your job 7352280 ("META.MANHATTAN.EXAMPLEPHENOTYPE") has been submitted
* Producing normal QQ-plots...
  - p-value based on square root of N
Your job 7352281 ("META.QQ_SQRTN.EXAMPLEPHENOTYPE") has been submitted
  - based on fixed-effects p-value...
Your job 7352282 ("META.QQ_FIXED.EXAMPLEPHENOTYPE") has been submitted
  - based on random-effects p-value...
Your job 7352283 ("META.QQ_RANDOM.EXAMPLEPHENOTYPE") has been submitted
[01;31m###############################[00m
[01;31m### THIS PART NEEDS FIXING ####[00m
  - to make histograms of N_EFF and DF+1
Your job 7352284 ("META.N_EFF.EXAMPLEPHENOTYPE") has been submitted
  - to make SE-N-lambda plot
Your job 7352285 ("META.SE_N_LAMBDA.EXAMPLEPHENOTYPE") has been submitted
[01;31m### THIS PART NEEDS FIXING ####[00m
[01;31m[00m
[1m#========================================================================================================[00m
[1m#== GENOMIC CONTROL *AFTER* META-ANALYSIS USING LAMBDA CORRECTION[00m
[1m#========================================================================================================[00m
[1m#[00m
Your job 7352286 ("meta.genomic_control") has been submitted
* Producing Manhattan-plot after genomic-control...
Your job 7352287 ("META.GC.MANHATTAN.EXAMPLEPHENOTYPE") has been submitted
* Producing QQ-plots after genomic control
Your job 7352288 ("META.GC.QQ.EXAMPLEPHENOTYPE") has been submitted
[1m#========================================================================================================[00m
[1m#== META-ANALYSIS SUMMARIZER[00m
[1m#========================================================================================================[00m
[1m#[00m
Creating meta-analysis summary file...
Your job 7352289 ("METASUM") has been submitted

+++++++++++++++++++++++++++++++++++++++++++++++++++++++++++++++++++++++++++++++++++++++++++++++++++++++++
+ The MIT License (MIT)                                                                                 +
+ Copyright (c) 2015-2018 Sander W. van der Laan                                                        +
+                                                                                                       +
+ Permission is hereby granted, free of charge, to any person obtaining a copy of this software and     +
+ associated documentation files (the "Software"), to deal in the Software without restriction,         +
+ including without limitation the rights to use, copy, modify, merge, publish, distribute, sublicense, +
+ and/or sell copies of the Software, and to permit persons to whom the Software is furnished to do so, +
+ subject to the following conditions:                                                                  +
+                                                                                                       +
+ The above copyright notice and this permission notice shall be included in all copies or substantial  +
+ portions of the Software.                                                                             +
+                                                                                                       +
+ THE SOFTWARE IS PROVIDED "AS IS", WITHOUT WARRANTY OF ANY KIND, EXPRESS OR IMPLIED, INCLUDING BUT     +
+ NOT LIMITED TO THE WARRANTIES OF MERCHANTABILITY, FITNESS FOR A PARTICULAR PURPOSE AND                +
+ NONINFRINGEMENT. IN NO EVENT SHALL THE AUTHORS OR COPYRIGHT HOLDERS BE LIABLE FOR ANY CLAIM, DAMAGES  +
+ OR OTHER LIABILITY, WHETHER IN AN ACTION OF CONTRACT, TORT OR OTHERWISE, ARISING FROM, OUT OF OR IN   +
+ CONNECTION WITH THE SOFTWARE OR THE USE OR OTHER DEALINGS IN THE SOFTWARE.                            +
+                                                                                                       +
+ Reference: http://opensource.org.                                                                     +
+++++++++++++++++++++++++++++++++++++++++++++++++++++++++++++++++++++++++++++++++++++++++++++++++++++++++
