
                 PERFORM META-ANALYSIS OF GENOME-WIDE ASSOCIATION STUDIES
++++++++++++++++++++++++++++++++++++++++++++++++++++++++++++++++++++++++++++++++++++

FIRST step: prepare GWAS.
[1m+++++++++++++++++++++++++++++++++++++++++++++++++++++++++++++++++++++++++++++++++++++++++++++++++++++++++[00m
[1m          MetaGWASToolKit: A TOOLKIT FOR THE META-ANALYSIS OF GENOME-WIDE ASSOCIATION STUDIES[00m
[1m                      --- REFORMAT, PARSE, HARMONIZE, CLEAN ORIGINAL GWAS DATA ---[00m
[1m[00m
[1m* Version:      v1.6.1[00m
[1m[00m
[1m* Last update:  2018-08-07[00m
[1m* Based on:     MANTEL, as written by Sara Pulit, Jessica van Setten, and Paul de Bakker.[00m
[1m* Written by:   Sander W. van der Laan | s.w.vanderlaan@gmail.com.[00m
[1m                Sara Pulit; [00m
[1m                Jessica van Setten; [00m
[1m                Paul I.W. de Bakker.[00m
[1m* Testers:      Jessica van Setten.[00m
[1m* Description:  Perform a meta-analysis of genome-wide association studies. It will do the following:[00m
[1m                - Automatically parse the various cohort files.[00m
[1m                - Harmonize GWAS datasets relative to a reference.[00m
[1m                - Perform QC on GWAS datasets using user-defined settings.[00m
[1m                - Produce plots (PDF and PNG) for quick inspection and publication.[00m
[1m                - Run a meta-analysis using Random, Fixed, and Z-score methods.[00m
[1m                - Correct results for the genomic inflation factor.[00m
[1m                - Clump results based on a p-value threshold for downstream (meta-)analyses.[00m
[1m                - Produce plots (PDF and PNG) of the final meta-analysis results for publication.[00m
[1m                - Produce LocusZoom style regional plots for genome-wide significant hits.[00m
[1m                - Produce a ReadMe file.[00m
[1m[00m
[1m* REQUIRED: [00m
[1m  - A high-performance computer cluster with a qsub system[00m
[1m  - R v3.2+, Python 2.7+, Perl.[00m
[1m  - Required Python 2.7+ modules: [pandas], [scipy], [numpy].[00m
[1m  - Required Perl modules: [YAML], [Statistics::Distributions], [Getopt::Long].[00m
[1m  - Note: it will also work on a Mac OS X system with R and Python installed.[00m
[1m[00m
[1m+++++++++++++++++++++++++++++++++++++++++++++++++++++++++++++++++++++++++++++++++++++++++++++++++++++++++[00m
These are the 2 arguments that passed:
The configuration file.................: metagwastoolkit.conf
The list of GWAS files.................: metagwastoolkit.files.list

Checking for the existence of the output directory [ SOMEGWAS ].
> Output directory doesn't exist - Mr. Bourne will create it for you.
mkdir: created directory ‘/hpc/local/CentOS7/dhl_ec/software/MetaGWASToolKit/EXAMPLE/SOMEGWAS’

Checking for the existence of the subproject directory [ SOMEGWAS/MODEL1 ].
> Subproject directory doesn't exist - Mr. Bourne will create it for you.
mkdir: created directory ‘/hpc/local/CentOS7/dhl_ec/software/MetaGWASToolKit/EXAMPLE/SOMEGWAS/MODEL1’

Checking for the existence of the raw data directory [ SOMEGWAS/MODEL1/RAW ].
> Raw data directory doesn't exist - Mr. Bourne will create it for you.
mkdir: created directory ‘/hpc/local/CentOS7/dhl_ec/software/MetaGWASToolKit/EXAMPLE/SOMEGWAS/MODEL1/RAW’

Checking for the existence of the meta-analysis results directory [ SOMEGWAS/MODEL1/META ].
> Meta-analysis results directory doesn't exist - Mr. Bourne will create it for you.
mkdir: created directory ‘/hpc/local/CentOS7/dhl_ec/software/MetaGWASToolKit/EXAMPLE/SOMEGWAS/MODEL1/META’
Checking for the existence of the meta-analysis temporary results directory [ SOMEGWAS/MODEL1/META/TEMP ].
> Meta-analysis results temporary directory doesn't exist - Mr. Bourne will create it for you.
mkdir: created directory ‘/hpc/local/CentOS7/dhl_ec/software/MetaGWASToolKit/EXAMPLE/SOMEGWAS/MODEL1/META/TEMP’


+++++++++++++++++++++++++++++++++++++++++++++++++++++++++++++++++++++++++++++++++++++++++++++++++++++++++

The scene is properly set, and directories are created! 🖖
MetaGWASToolKit program........................: /hpc/local/CentOS7/dhl_ec/software/MetaGWASToolKit
MetaGWASToolKit scripts........................: /hpc/local/CentOS7/dhl_ec/software/MetaGWASToolKit/SCRIPTS
MetaGWASToolKit resources......................: /hpc/local/CentOS7/dhl_ec/software/MetaGWASToolKit/RESOURCES
Reference used.................................: 1Gp1
Main directory.................................: /hpc/local/CentOS7/dhl_ec/software/MetaGWASToolKit/EXAMPLE
Main analysis output directory.................: SOMEGWAS
Subproject's analysis output directory.........: SOMEGWAS/MODEL1
Original data directory........................: /hpc/local/CentOS7/dhl_ec/software/MetaGWASToolKit/EXAMPLE/RAWDATA
We are processing these cohort(s)..............:
     * COHORT1
     * COHORT2
     * COHORT3
Raw data directory.............................: SOMEGWAS/MODEL1/RAW
+++++++++++++++++++++++++++++++++++++++++++++++++++++++++++++++++++++++++++++++++++++++++++++++++++++++++

[1m#########################################################################################################[00m
[1m### REFORMAT, PARSE, HARMONIZE, CLEAN, AND PLOT ORIGINAL GWAS DATA[00m
[1m#########################################################################################################[00m
[1m#[00m

+++++++++++++++++++++++++++++++++++++++++++++++++++++++++++++++++++++++++++++++++++++++++++++++++++++++++
Start the reformatting, parsing, harmonizing, and cleaning of each cohort and dataset. 

Making subdirectory for COHORT1...
mkdir: created directory ‘/hpc/local/CentOS7/dhl_ec/software/MetaGWASToolKit/EXAMPLE/SOMEGWAS/MODEL1/RAW/COHORT1’
[1m#========================================================================================================[00m
[1m#== REFORMAT, PARSE, HARMONIZE, CLEANING ORIGINAL GWAS DATA: [ COHORT1 ][00m
[1m#========================================================================================================[00m
[1m#[00m

* Chopping up GWAS summary statistics into chunks of 125000 variants -- for parallelisation and speedgain...

* Prepping split chunk: [ COHORT1.rawdata.aaa ]...

 - heading a temporary file.
 - adding the split data to the temporary file.
 - renaming the temporary file.
‘/hpc/local/CentOS7/dhl_ec/software/MetaGWASToolKit/EXAMPLE/SOMEGWAS/MODEL1/RAW/COHORT1/tmp_file’ -> ‘/hpc/local/CentOS7/dhl_ec/software/MetaGWASToolKit/EXAMPLE/SOMEGWAS/MODEL1/RAW/COHORT1/COHORT1.rawdata.aaa’
[1m#========================================================================================================[00m
[1m#== PARSING THE GWAS DATA[00m
[1m#========================================================================================================[00m
[1m#[00m

* Parsing data for cohort COHORT1 [ file: COHORT1.rawdata.aaa ].
Your job 7295678 ("gwas.parser.COHORT1.rawdata.aaa") has been submitted
[1m#========================================================================================================[00m
[1m#== HARMONIZING THE PARSED GWAS DATA[00m
[1m#========================================================================================================[00m
[1m#[00m

* Harmonising parsed [ COHORT1.rawdata.aaa ] file for cohort COHORT1 with 1Gp1...
Your job 7295680 ("gwas2ref.harmonizer.COHORT1.rawdata.aaa") has been submitted
[1m#========================================================================================================[00m
[1m#== CLEANING UP THE REFORMATTED GWAS DATA[00m
[1m#========================================================================================================[00m
[1m#[00m

* Cleaning harmonized data for [ COHORT1.rawdata.aaa ] file for cohort COHORT1 with 1Gp1
  using the following pre-specified settings:
  - MAF  = 0.005
  - MAC  = 30
  - HWE  = 1E-3
  - INFO = 0.3
  - BETA = 10
  - SE   = 10
Your job 7295681 ("gwas.cleaner.COHORT1.rawdata") has been submitted

* Prepping split chunk: [ COHORT1.rawdata.aab ]...

 - heading a temporary file.
 - adding the split data to the temporary file.
 - renaming the temporary file.
‘/hpc/local/CentOS7/dhl_ec/software/MetaGWASToolKit/EXAMPLE/SOMEGWAS/MODEL1/RAW/COHORT1/tmp_file’ -> ‘/hpc/local/CentOS7/dhl_ec/software/MetaGWASToolKit/EXAMPLE/SOMEGWAS/MODEL1/RAW/COHORT1/COHORT1.rawdata.aab’
[1m#========================================================================================================[00m
[1m#== PARSING THE GWAS DATA[00m
[1m#========================================================================================================[00m
[1m#[00m

* Parsing data for cohort COHORT1 [ file: COHORT1.rawdata.aab ].
Your job 7295682 ("gwas.parser.COHORT1.rawdata.aab") has been submitted
[1m#========================================================================================================[00m
[1m#== HARMONIZING THE PARSED GWAS DATA[00m
[1m#========================================================================================================[00m
[1m#[00m

* Harmonising parsed [ COHORT1.rawdata.aab ] file for cohort COHORT1 with 1Gp1...
Your job 7295683 ("gwas2ref.harmonizer.COHORT1.rawdata.aab") has been submitted
[1m#========================================================================================================[00m
[1m#== CLEANING UP THE REFORMATTED GWAS DATA[00m
[1m#========================================================================================================[00m
[1m#[00m

* Cleaning harmonized data for [ COHORT1.rawdata.aab ] file for cohort COHORT1 with 1Gp1
  using the following pre-specified settings:
  - MAF  = 0.005
  - MAC  = 30
  - HWE  = 1E-3
  - INFO = 0.3
  - BETA = 10
  - SE   = 10
Your job 7295684 ("gwas.cleaner.COHORT1.rawdata") has been submitted

* Prepping split chunk: [ COHORT1.rawdata.aac ]...

 - heading a temporary file.
 - adding the split data to the temporary file.
 - renaming the temporary file.
‘/hpc/local/CentOS7/dhl_ec/software/MetaGWASToolKit/EXAMPLE/SOMEGWAS/MODEL1/RAW/COHORT1/tmp_file’ -> ‘/hpc/local/CentOS7/dhl_ec/software/MetaGWASToolKit/EXAMPLE/SOMEGWAS/MODEL1/RAW/COHORT1/COHORT1.rawdata.aac’
[1m#========================================================================================================[00m
[1m#== PARSING THE GWAS DATA[00m
[1m#========================================================================================================[00m
[1m#[00m

* Parsing data for cohort COHORT1 [ file: COHORT1.rawdata.aac ].
Your job 7295685 ("gwas.parser.COHORT1.rawdata.aac") has been submitted
[1m#========================================================================================================[00m
[1m#== HARMONIZING THE PARSED GWAS DATA[00m
[1m#========================================================================================================[00m
[1m#[00m

* Harmonising parsed [ COHORT1.rawdata.aac ] file for cohort COHORT1 with 1Gp1...
Your job 7295687 ("gwas2ref.harmonizer.COHORT1.rawdata.aac") has been submitted
[1m#========================================================================================================[00m
[1m#== CLEANING UP THE REFORMATTED GWAS DATA[00m
[1m#========================================================================================================[00m
[1m#[00m

* Cleaning harmonized data for [ COHORT1.rawdata.aac ] file for cohort COHORT1 with 1Gp1
  using the following pre-specified settings:
  - MAF  = 0.005
  - MAC  = 30
  - HWE  = 1E-3
  - INFO = 0.3
  - BETA = 10
  - SE   = 10
Your job 7295689 ("gwas.cleaner.COHORT1.rawdata") has been submitted

* Prepping split chunk: [ COHORT1.rawdata.aad ]...

 - heading a temporary file.
 - adding the split data to the temporary file.
 - renaming the temporary file.
‘/hpc/local/CentOS7/dhl_ec/software/MetaGWASToolKit/EXAMPLE/SOMEGWAS/MODEL1/RAW/COHORT1/tmp_file’ -> ‘/hpc/local/CentOS7/dhl_ec/software/MetaGWASToolKit/EXAMPLE/SOMEGWAS/MODEL1/RAW/COHORT1/COHORT1.rawdata.aad’
[1m#========================================================================================================[00m
[1m#== PARSING THE GWAS DATA[00m
[1m#========================================================================================================[00m
[1m#[00m

* Parsing data for cohort COHORT1 [ file: COHORT1.rawdata.aad ].
Your job 7295690 ("gwas.parser.COHORT1.rawdata.aad") has been submitted
[1m#========================================================================================================[00m
[1m#== HARMONIZING THE PARSED GWAS DATA[00m
[1m#========================================================================================================[00m
[1m#[00m

* Harmonising parsed [ COHORT1.rawdata.aad ] file for cohort COHORT1 with 1Gp1...
Your job 7295691 ("gwas2ref.harmonizer.COHORT1.rawdata.aad") has been submitted
[1m#========================================================================================================[00m
[1m#== CLEANING UP THE REFORMATTED GWAS DATA[00m
[1m#========================================================================================================[00m
[1m#[00m

* Cleaning harmonized data for [ COHORT1.rawdata.aad ] file for cohort COHORT1 with 1Gp1
  using the following pre-specified settings:
  - MAF  = 0.005
  - MAC  = 30
  - HWE  = 1E-3
  - INFO = 0.3
  - BETA = 10
  - SE   = 10
Your job 7295692 ("gwas.cleaner.COHORT1.rawdata") has been submitted

* Prepping split chunk: [ COHORT1.rawdata.aae ]...

 - heading a temporary file.
 - adding the split data to the temporary file.
 - renaming the temporary file.
‘/hpc/local/CentOS7/dhl_ec/software/MetaGWASToolKit/EXAMPLE/SOMEGWAS/MODEL1/RAW/COHORT1/tmp_file’ -> ‘/hpc/local/CentOS7/dhl_ec/software/MetaGWASToolKit/EXAMPLE/SOMEGWAS/MODEL1/RAW/COHORT1/COHORT1.rawdata.aae’
[1m#========================================================================================================[00m
[1m#== PARSING THE GWAS DATA[00m
[1m#========================================================================================================[00m
[1m#[00m

* Parsing data for cohort COHORT1 [ file: COHORT1.rawdata.aae ].
Your job 7295693 ("gwas.parser.COHORT1.rawdata.aae") has been submitted
[1m#========================================================================================================[00m
[1m#== HARMONIZING THE PARSED GWAS DATA[00m
[1m#========================================================================================================[00m
[1m#[00m

* Harmonising parsed [ COHORT1.rawdata.aae ] file for cohort COHORT1 with 1Gp1...
Your job 7295694 ("gwas2ref.harmonizer.COHORT1.rawdata.aae") has been submitted
[1m#========================================================================================================[00m
[1m#== CLEANING UP THE REFORMATTED GWAS DATA[00m
[1m#========================================================================================================[00m
[1m#[00m

* Cleaning harmonized data for [ COHORT1.rawdata.aae ] file for cohort COHORT1 with 1Gp1
  using the following pre-specified settings:
  - MAF  = 0.005
  - MAC  = 30
  - HWE  = 1E-3
  - INFO = 0.3
  - BETA = 10
  - SE   = 10
Your job 7295695 ("gwas.cleaner.COHORT1.rawdata") has been submitted

* Prepping split chunk: [ COHORT1.rawdata.aaf ]...

 - heading a temporary file.
 - adding the split data to the temporary file.
 - renaming the temporary file.
‘/hpc/local/CentOS7/dhl_ec/software/MetaGWASToolKit/EXAMPLE/SOMEGWAS/MODEL1/RAW/COHORT1/tmp_file’ -> ‘/hpc/local/CentOS7/dhl_ec/software/MetaGWASToolKit/EXAMPLE/SOMEGWAS/MODEL1/RAW/COHORT1/COHORT1.rawdata.aaf’
[1m#========================================================================================================[00m
[1m#== PARSING THE GWAS DATA[00m
[1m#========================================================================================================[00m
[1m#[00m

* Parsing data for cohort COHORT1 [ file: COHORT1.rawdata.aaf ].
Your job 7295696 ("gwas.parser.COHORT1.rawdata.aaf") has been submitted
[1m#========================================================================================================[00m
[1m#== HARMONIZING THE PARSED GWAS DATA[00m
[1m#========================================================================================================[00m
[1m#[00m

* Harmonising parsed [ COHORT1.rawdata.aaf ] file for cohort COHORT1 with 1Gp1...
Your job 7295697 ("gwas2ref.harmonizer.COHORT1.rawdata.aaf") has been submitted
[1m#========================================================================================================[00m
[1m#== CLEANING UP THE REFORMATTED GWAS DATA[00m
[1m#========================================================================================================[00m
[1m#[00m

* Cleaning harmonized data for [ COHORT1.rawdata.aaf ] file for cohort COHORT1 with 1Gp1
  using the following pre-specified settings:
  - MAF  = 0.005
  - MAC  = 30
  - HWE  = 1E-3
  - INFO = 0.3
  - BETA = 10
  - SE   = 10
Your job 7295698 ("gwas.cleaner.COHORT1.rawdata") has been submitted
[1m#========================================================================================================[00m
[1m#== WRAPPING THE REFORMATTED GWAS DATA: [ COHORT1 ][00m
[1m#========================================================================================================[00m
[1m#[00m

* Wrapping up parsed and harmonized data for cohort COHORT1...
Your job 7295699 ("gwas.wrapper.COHORT1.rawdata") has been submitted
[1m#========================================================================================================[00m
[1m#== PLOTTING THE REFORMATTED & WRAPPED GWAS DATA: [ COHORT1 ][00m
[1m#========================================================================================================[00m
[1m#[00m

* Plotting harmonized data for cohort [ COHORT1 ]...
Your job 7295700 ("gwas.plotter") has been submitted
[1m#========================================================================================================[00m
[1m#== PLOTTING THE CLEANED GWAS DATA: [ COHORT1 ][00m
[1m#========================================================================================================[00m
[1m#[00m

* Plotting the cleaned and harmonized data for cohort [ COHORT1 ]...
Your job 7295701 ("gwas.plotter") has been submitted
Making subdirectory for COHORT2...
mkdir: created directory ‘/hpc/local/CentOS7/dhl_ec/software/MetaGWASToolKit/EXAMPLE/SOMEGWAS/MODEL1/RAW/COHORT2’
[1m#========================================================================================================[00m
[1m#== REFORMAT, PARSE, HARMONIZE, CLEANING ORIGINAL GWAS DATA: [ COHORT2 ][00m
[1m#========================================================================================================[00m
[1m#[00m

* Chopping up GWAS summary statistics into chunks of 125000 variants -- for parallelisation and speedgain...

* Prepping split chunk: [ COHORT2.rawdata.aaa ]...

 - heading a temporary file.
 - adding the split data to the temporary file.
 - renaming the temporary file.
‘/hpc/local/CentOS7/dhl_ec/software/MetaGWASToolKit/EXAMPLE/SOMEGWAS/MODEL1/RAW/COHORT2/tmp_file’ -> ‘/hpc/local/CentOS7/dhl_ec/software/MetaGWASToolKit/EXAMPLE/SOMEGWAS/MODEL1/RAW/COHORT2/COHORT2.rawdata.aaa’
[1m#========================================================================================================[00m
[1m#== PARSING THE GWAS DATA[00m
[1m#========================================================================================================[00m
[1m#[00m

* Parsing data for cohort COHORT2 [ file: COHORT2.rawdata.aaa ].
Your job 7295703 ("gwas.parser.COHORT2.rawdata.aaa") has been submitted
[1m#========================================================================================================[00m
[1m#== HARMONIZING THE PARSED GWAS DATA[00m
[1m#========================================================================================================[00m
[1m#[00m

* Harmonising parsed [ COHORT2.rawdata.aaa ] file for cohort COHORT2 with 1Gp1...
Your job 7295704 ("gwas2ref.harmonizer.COHORT2.rawdata.aaa") has been submitted
[1m#========================================================================================================[00m
[1m#== CLEANING UP THE REFORMATTED GWAS DATA[00m
[1m#========================================================================================================[00m
[1m#[00m

* Cleaning harmonized data for [ COHORT2.rawdata.aaa ] file for cohort COHORT2 with 1Gp1
  using the following pre-specified settings:
  - MAF  = 0.005
  - MAC  = 30
  - HWE  = 1E-3
  - INFO = 0.3
  - BETA = 10
  - SE   = 10
Your job 7295705 ("gwas.cleaner.COHORT2.rawdata") has been submitted

* Prepping split chunk: [ COHORT2.rawdata.aab ]...

 - heading a temporary file.
 - adding the split data to the temporary file.
 - renaming the temporary file.
‘/hpc/local/CentOS7/dhl_ec/software/MetaGWASToolKit/EXAMPLE/SOMEGWAS/MODEL1/RAW/COHORT2/tmp_file’ -> ‘/hpc/local/CentOS7/dhl_ec/software/MetaGWASToolKit/EXAMPLE/SOMEGWAS/MODEL1/RAW/COHORT2/COHORT2.rawdata.aab’
[1m#========================================================================================================[00m
[1m#== PARSING THE GWAS DATA[00m
[1m#========================================================================================================[00m
[1m#[00m

* Parsing data for cohort COHORT2 [ file: COHORT2.rawdata.aab ].
Your job 7295706 ("gwas.parser.COHORT2.rawdata.aab") has been submitted
[1m#========================================================================================================[00m
[1m#== HARMONIZING THE PARSED GWAS DATA[00m
[1m#========================================================================================================[00m
[1m#[00m

* Harmonising parsed [ COHORT2.rawdata.aab ] file for cohort COHORT2 with 1Gp1...
Your job 7295707 ("gwas2ref.harmonizer.COHORT2.rawdata.aab") has been submitted
[1m#========================================================================================================[00m
[1m#== CLEANING UP THE REFORMATTED GWAS DATA[00m
[1m#========================================================================================================[00m
[1m#[00m

* Cleaning harmonized data for [ COHORT2.rawdata.aab ] file for cohort COHORT2 with 1Gp1
  using the following pre-specified settings:
  - MAF  = 0.005
  - MAC  = 30
  - HWE  = 1E-3
  - INFO = 0.3
  - BETA = 10
  - SE   = 10
Your job 7295708 ("gwas.cleaner.COHORT2.rawdata") has been submitted

* Prepping split chunk: [ COHORT2.rawdata.aac ]...

 - heading a temporary file.
 - adding the split data to the temporary file.
 - renaming the temporary file.
‘/hpc/local/CentOS7/dhl_ec/software/MetaGWASToolKit/EXAMPLE/SOMEGWAS/MODEL1/RAW/COHORT2/tmp_file’ -> ‘/hpc/local/CentOS7/dhl_ec/software/MetaGWASToolKit/EXAMPLE/SOMEGWAS/MODEL1/RAW/COHORT2/COHORT2.rawdata.aac’
[1m#========================================================================================================[00m
[1m#== PARSING THE GWAS DATA[00m
[1m#========================================================================================================[00m
[1m#[00m

* Parsing data for cohort COHORT2 [ file: COHORT2.rawdata.aac ].
Your job 7295709 ("gwas.parser.COHORT2.rawdata.aac") has been submitted
[1m#========================================================================================================[00m
[1m#== HARMONIZING THE PARSED GWAS DATA[00m
[1m#========================================================================================================[00m
[1m#[00m

* Harmonising parsed [ COHORT2.rawdata.aac ] file for cohort COHORT2 with 1Gp1...
Your job 7295710 ("gwas2ref.harmonizer.COHORT2.rawdata.aac") has been submitted
[1m#========================================================================================================[00m
[1m#== CLEANING UP THE REFORMATTED GWAS DATA[00m
[1m#========================================================================================================[00m
[1m#[00m

* Cleaning harmonized data for [ COHORT2.rawdata.aac ] file for cohort COHORT2 with 1Gp1
  using the following pre-specified settings:
  - MAF  = 0.005
  - MAC  = 30
  - HWE  = 1E-3
  - INFO = 0.3
  - BETA = 10
  - SE   = 10
Your job 7295711 ("gwas.cleaner.COHORT2.rawdata") has been submitted

* Prepping split chunk: [ COHORT2.rawdata.aad ]...

 - heading a temporary file.
 - adding the split data to the temporary file.
 - renaming the temporary file.
‘/hpc/local/CentOS7/dhl_ec/software/MetaGWASToolKit/EXAMPLE/SOMEGWAS/MODEL1/RAW/COHORT2/tmp_file’ -> ‘/hpc/local/CentOS7/dhl_ec/software/MetaGWASToolKit/EXAMPLE/SOMEGWAS/MODEL1/RAW/COHORT2/COHORT2.rawdata.aad’
[1m#========================================================================================================[00m
[1m#== PARSING THE GWAS DATA[00m
[1m#========================================================================================================[00m
[1m#[00m

* Parsing data for cohort COHORT2 [ file: COHORT2.rawdata.aad ].
Your job 7295712 ("gwas.parser.COHORT2.rawdata.aad") has been submitted
[1m#========================================================================================================[00m
[1m#== HARMONIZING THE PARSED GWAS DATA[00m
[1m#========================================================================================================[00m
[1m#[00m

* Harmonising parsed [ COHORT2.rawdata.aad ] file for cohort COHORT2 with 1Gp1...
Your job 7295713 ("gwas2ref.harmonizer.COHORT2.rawdata.aad") has been submitted
[1m#========================================================================================================[00m
[1m#== CLEANING UP THE REFORMATTED GWAS DATA[00m
[1m#========================================================================================================[00m
[1m#[00m

* Cleaning harmonized data for [ COHORT2.rawdata.aad ] file for cohort COHORT2 with 1Gp1
  using the following pre-specified settings:
  - MAF  = 0.005
  - MAC  = 30
  - HWE  = 1E-3
  - INFO = 0.3
  - BETA = 10
  - SE   = 10
Your job 7295714 ("gwas.cleaner.COHORT2.rawdata") has been submitted

* Prepping split chunk: [ COHORT2.rawdata.aae ]...

 - heading a temporary file.
 - adding the split data to the temporary file.
 - renaming the temporary file.
‘/hpc/local/CentOS7/dhl_ec/software/MetaGWASToolKit/EXAMPLE/SOMEGWAS/MODEL1/RAW/COHORT2/tmp_file’ -> ‘/hpc/local/CentOS7/dhl_ec/software/MetaGWASToolKit/EXAMPLE/SOMEGWAS/MODEL1/RAW/COHORT2/COHORT2.rawdata.aae’
[1m#========================================================================================================[00m
[1m#== PARSING THE GWAS DATA[00m
[1m#========================================================================================================[00m
[1m#[00m

* Parsing data for cohort COHORT2 [ file: COHORT2.rawdata.aae ].
Your job 7295715 ("gwas.parser.COHORT2.rawdata.aae") has been submitted
[1m#========================================================================================================[00m
[1m#== HARMONIZING THE PARSED GWAS DATA[00m
[1m#========================================================================================================[00m
[1m#[00m

* Harmonising parsed [ COHORT2.rawdata.aae ] file for cohort COHORT2 with 1Gp1...
Your job 7295716 ("gwas2ref.harmonizer.COHORT2.rawdata.aae") has been submitted
[1m#========================================================================================================[00m
[1m#== CLEANING UP THE REFORMATTED GWAS DATA[00m
[1m#========================================================================================================[00m
[1m#[00m

* Cleaning harmonized data for [ COHORT2.rawdata.aae ] file for cohort COHORT2 with 1Gp1
  using the following pre-specified settings:
  - MAF  = 0.005
  - MAC  = 30
  - HWE  = 1E-3
  - INFO = 0.3
  - BETA = 10
  - SE   = 10
Your job 7295717 ("gwas.cleaner.COHORT2.rawdata") has been submitted

* Prepping split chunk: [ COHORT2.rawdata.aaf ]...

 - heading a temporary file.
 - adding the split data to the temporary file.
 - renaming the temporary file.
‘/hpc/local/CentOS7/dhl_ec/software/MetaGWASToolKit/EXAMPLE/SOMEGWAS/MODEL1/RAW/COHORT2/tmp_file’ -> ‘/hpc/local/CentOS7/dhl_ec/software/MetaGWASToolKit/EXAMPLE/SOMEGWAS/MODEL1/RAW/COHORT2/COHORT2.rawdata.aaf’
[1m#========================================================================================================[00m
[1m#== PARSING THE GWAS DATA[00m
[1m#========================================================================================================[00m
[1m#[00m

* Parsing data for cohort COHORT2 [ file: COHORT2.rawdata.aaf ].
Your job 7295718 ("gwas.parser.COHORT2.rawdata.aaf") has been submitted
[1m#========================================================================================================[00m
[1m#== HARMONIZING THE PARSED GWAS DATA[00m
[1m#========================================================================================================[00m
[1m#[00m

* Harmonising parsed [ COHORT2.rawdata.aaf ] file for cohort COHORT2 with 1Gp1...
Your job 7295719 ("gwas2ref.harmonizer.COHORT2.rawdata.aaf") has been submitted
[1m#========================================================================================================[00m
[1m#== CLEANING UP THE REFORMATTED GWAS DATA[00m
[1m#========================================================================================================[00m
[1m#[00m

* Cleaning harmonized data for [ COHORT2.rawdata.aaf ] file for cohort COHORT2 with 1Gp1
  using the following pre-specified settings:
  - MAF  = 0.005
  - MAC  = 30
  - HWE  = 1E-3
  - INFO = 0.3
  - BETA = 10
  - SE   = 10
Your job 7295720 ("gwas.cleaner.COHORT2.rawdata") has been submitted

* Prepping split chunk: [ COHORT2.rawdata.aag ]...

 - heading a temporary file.
 - adding the split data to the temporary file.
 - renaming the temporary file.
‘/hpc/local/CentOS7/dhl_ec/software/MetaGWASToolKit/EXAMPLE/SOMEGWAS/MODEL1/RAW/COHORT2/tmp_file’ -> ‘/hpc/local/CentOS7/dhl_ec/software/MetaGWASToolKit/EXAMPLE/SOMEGWAS/MODEL1/RAW/COHORT2/COHORT2.rawdata.aag’
[1m#========================================================================================================[00m
[1m#== PARSING THE GWAS DATA[00m
[1m#========================================================================================================[00m
[1m#[00m

* Parsing data for cohort COHORT2 [ file: COHORT2.rawdata.aag ].
Your job 7295721 ("gwas.parser.COHORT2.rawdata.aag") has been submitted
[1m#========================================================================================================[00m
[1m#== HARMONIZING THE PARSED GWAS DATA[00m
[1m#========================================================================================================[00m
[1m#[00m

* Harmonising parsed [ COHORT2.rawdata.aag ] file for cohort COHORT2 with 1Gp1...
Your job 7295722 ("gwas2ref.harmonizer.COHORT2.rawdata.aag") has been submitted
[1m#========================================================================================================[00m
[1m#== CLEANING UP THE REFORMATTED GWAS DATA[00m
[1m#========================================================================================================[00m
[1m#[00m

* Cleaning harmonized data for [ COHORT2.rawdata.aag ] file for cohort COHORT2 with 1Gp1
  using the following pre-specified settings:
  - MAF  = 0.005
  - MAC  = 30
  - HWE  = 1E-3
  - INFO = 0.3
  - BETA = 10
  - SE   = 10
Your job 7295723 ("gwas.cleaner.COHORT2.rawdata") has been submitted

* Prepping split chunk: [ COHORT2.rawdata.aah ]...

 - heading a temporary file.
 - adding the split data to the temporary file.
 - renaming the temporary file.
‘/hpc/local/CentOS7/dhl_ec/software/MetaGWASToolKit/EXAMPLE/SOMEGWAS/MODEL1/RAW/COHORT2/tmp_file’ -> ‘/hpc/local/CentOS7/dhl_ec/software/MetaGWASToolKit/EXAMPLE/SOMEGWAS/MODEL1/RAW/COHORT2/COHORT2.rawdata.aah’
[1m#========================================================================================================[00m
[1m#== PARSING THE GWAS DATA[00m
[1m#========================================================================================================[00m
[1m#[00m

* Parsing data for cohort COHORT2 [ file: COHORT2.rawdata.aah ].
Your job 7295724 ("gwas.parser.COHORT2.rawdata.aah") has been submitted
[1m#========================================================================================================[00m
[1m#== HARMONIZING THE PARSED GWAS DATA[00m
[1m#========================================================================================================[00m
[1m#[00m

* Harmonising parsed [ COHORT2.rawdata.aah ] file for cohort COHORT2 with 1Gp1...
Your job 7295725 ("gwas2ref.harmonizer.COHORT2.rawdata.aah") has been submitted
[1m#========================================================================================================[00m
[1m#== CLEANING UP THE REFORMATTED GWAS DATA[00m
[1m#========================================================================================================[00m
[1m#[00m

* Cleaning harmonized data for [ COHORT2.rawdata.aah ] file for cohort COHORT2 with 1Gp1
  using the following pre-specified settings:
  - MAF  = 0.005
  - MAC  = 30
  - HWE  = 1E-3
  - INFO = 0.3
  - BETA = 10
  - SE   = 10
Your job 7295726 ("gwas.cleaner.COHORT2.rawdata") has been submitted
[1m#========================================================================================================[00m
[1m#== WRAPPING THE REFORMATTED GWAS DATA: [ COHORT2 ][00m
[1m#========================================================================================================[00m
[1m#[00m

* Wrapping up parsed and harmonized data for cohort COHORT2...
Your job 7295727 ("gwas.wrapper.COHORT2.rawdata") has been submitted
[1m#========================================================================================================[00m
[1m#== PLOTTING THE REFORMATTED & WRAPPED GWAS DATA: [ COHORT2 ][00m
[1m#========================================================================================================[00m
[1m#[00m

* Plotting harmonized data for cohort [ COHORT2 ]...
Your job 7295728 ("gwas.plotter") has been submitted
[1m#========================================================================================================[00m
[1m#== PLOTTING THE CLEANED GWAS DATA: [ COHORT2 ][00m
[1m#========================================================================================================[00m
[1m#[00m

* Plotting the cleaned and harmonized data for cohort [ COHORT2 ]...
Your job 7295729 ("gwas.plotter") has been submitted
Making subdirectory for COHORT3...
mkdir: created directory ‘/hpc/local/CentOS7/dhl_ec/software/MetaGWASToolKit/EXAMPLE/SOMEGWAS/MODEL1/RAW/COHORT3’
[1m#========================================================================================================[00m
[1m#== REFORMAT, PARSE, HARMONIZE, CLEANING ORIGINAL GWAS DATA: [ COHORT3 ][00m
[1m#========================================================================================================[00m
[1m#[00m

* Chopping up GWAS summary statistics into chunks of 125000 variants -- for parallelisation and speedgain...

* Prepping split chunk: [ COHORT3.rawdata.aaa ]...

 - heading a temporary file.
 - adding the split data to the temporary file.
 - renaming the temporary file.
‘/hpc/local/CentOS7/dhl_ec/software/MetaGWASToolKit/EXAMPLE/SOMEGWAS/MODEL1/RAW/COHORT3/tmp_file’ -> ‘/hpc/local/CentOS7/dhl_ec/software/MetaGWASToolKit/EXAMPLE/SOMEGWAS/MODEL1/RAW/COHORT3/COHORT3.rawdata.aaa’
[1m#========================================================================================================[00m
[1m#== PARSING THE GWAS DATA[00m
[1m#========================================================================================================[00m
[1m#[00m

* Parsing data for cohort COHORT3 [ file: COHORT3.rawdata.aaa ].
Your job 7295730 ("gwas.parser.COHORT3.rawdata.aaa") has been submitted
[1m#========================================================================================================[00m
[1m#== HARMONIZING THE PARSED GWAS DATA[00m
[1m#========================================================================================================[00m
[1m#[00m

* Harmonising parsed [ COHORT3.rawdata.aaa ] file for cohort COHORT3 with 1Gp1...
Your job 7295731 ("gwas2ref.harmonizer.COHORT3.rawdata.aaa") has been submitted
[1m#========================================================================================================[00m
[1m#== CLEANING UP THE REFORMATTED GWAS DATA[00m
[1m#========================================================================================================[00m
[1m#[00m

* Cleaning harmonized data for [ COHORT3.rawdata.aaa ] file for cohort COHORT3 with 1Gp1
  using the following pre-specified settings:
  - MAF  = 0.005
  - MAC  = 30
  - HWE  = 1E-3
  - INFO = 0.3
  - BETA = 10
  - SE   = 10
Your job 7295732 ("gwas.cleaner.COHORT3.rawdata") has been submitted

* Prepping split chunk: [ COHORT3.rawdata.aab ]...

 - heading a temporary file.
 - adding the split data to the temporary file.
 - renaming the temporary file.
‘/hpc/local/CentOS7/dhl_ec/software/MetaGWASToolKit/EXAMPLE/SOMEGWAS/MODEL1/RAW/COHORT3/tmp_file’ -> ‘/hpc/local/CentOS7/dhl_ec/software/MetaGWASToolKit/EXAMPLE/SOMEGWAS/MODEL1/RAW/COHORT3/COHORT3.rawdata.aab’
[1m#========================================================================================================[00m
[1m#== PARSING THE GWAS DATA[00m
[1m#========================================================================================================[00m
[1m#[00m

* Parsing data for cohort COHORT3 [ file: COHORT3.rawdata.aab ].
Your job 7295733 ("gwas.parser.COHORT3.rawdata.aab") has been submitted
[1m#========================================================================================================[00m
[1m#== HARMONIZING THE PARSED GWAS DATA[00m
[1m#========================================================================================================[00m
[1m#[00m

* Harmonising parsed [ COHORT3.rawdata.aab ] file for cohort COHORT3 with 1Gp1...
Your job 7295734 ("gwas2ref.harmonizer.COHORT3.rawdata.aab") has been submitted
[1m#========================================================================================================[00m
[1m#== CLEANING UP THE REFORMATTED GWAS DATA[00m
[1m#========================================================================================================[00m
[1m#[00m

* Cleaning harmonized data for [ COHORT3.rawdata.aab ] file for cohort COHORT3 with 1Gp1
  using the following pre-specified settings:
  - MAF  = 0.005
  - MAC  = 30
  - HWE  = 1E-3
  - INFO = 0.3
  - BETA = 10
  - SE   = 10
Your job 7295735 ("gwas.cleaner.COHORT3.rawdata") has been submitted

* Prepping split chunk: [ COHORT3.rawdata.aac ]...

 - heading a temporary file.
 - adding the split data to the temporary file.
 - renaming the temporary file.
‘/hpc/local/CentOS7/dhl_ec/software/MetaGWASToolKit/EXAMPLE/SOMEGWAS/MODEL1/RAW/COHORT3/tmp_file’ -> ‘/hpc/local/CentOS7/dhl_ec/software/MetaGWASToolKit/EXAMPLE/SOMEGWAS/MODEL1/RAW/COHORT3/COHORT3.rawdata.aac’
[1m#========================================================================================================[00m
[1m#== PARSING THE GWAS DATA[00m
[1m#========================================================================================================[00m
[1m#[00m

* Parsing data for cohort COHORT3 [ file: COHORT3.rawdata.aac ].
Your job 7295736 ("gwas.parser.COHORT3.rawdata.aac") has been submitted
[1m#========================================================================================================[00m
[1m#== HARMONIZING THE PARSED GWAS DATA[00m
[1m#========================================================================================================[00m
[1m#[00m

* Harmonising parsed [ COHORT3.rawdata.aac ] file for cohort COHORT3 with 1Gp1...
Your job 7295737 ("gwas2ref.harmonizer.COHORT3.rawdata.aac") has been submitted
[1m#========================================================================================================[00m
[1m#== CLEANING UP THE REFORMATTED GWAS DATA[00m
[1m#========================================================================================================[00m
[1m#[00m

* Cleaning harmonized data for [ COHORT3.rawdata.aac ] file for cohort COHORT3 with 1Gp1
  using the following pre-specified settings:
  - MAF  = 0.005
  - MAC  = 30
  - HWE  = 1E-3
  - INFO = 0.3
  - BETA = 10
  - SE   = 10
Your job 7295738 ("gwas.cleaner.COHORT3.rawdata") has been submitted

* Prepping split chunk: [ COHORT3.rawdata.aad ]...

 - heading a temporary file.
 - adding the split data to the temporary file.
 - renaming the temporary file.
‘/hpc/local/CentOS7/dhl_ec/software/MetaGWASToolKit/EXAMPLE/SOMEGWAS/MODEL1/RAW/COHORT3/tmp_file’ -> ‘/hpc/local/CentOS7/dhl_ec/software/MetaGWASToolKit/EXAMPLE/SOMEGWAS/MODEL1/RAW/COHORT3/COHORT3.rawdata.aad’
[1m#========================================================================================================[00m
[1m#== PARSING THE GWAS DATA[00m
[1m#========================================================================================================[00m
[1m#[00m

* Parsing data for cohort COHORT3 [ file: COHORT3.rawdata.aad ].
Your job 7295739 ("gwas.parser.COHORT3.rawdata.aad") has been submitted
[1m#========================================================================================================[00m
[1m#== HARMONIZING THE PARSED GWAS DATA[00m
[1m#========================================================================================================[00m
[1m#[00m

* Harmonising parsed [ COHORT3.rawdata.aad ] file for cohort COHORT3 with 1Gp1...
Your job 7295740 ("gwas2ref.harmonizer.COHORT3.rawdata.aad") has been submitted
[1m#========================================================================================================[00m
[1m#== CLEANING UP THE REFORMATTED GWAS DATA[00m
[1m#========================================================================================================[00m
[1m#[00m

* Cleaning harmonized data for [ COHORT3.rawdata.aad ] file for cohort COHORT3 with 1Gp1
  using the following pre-specified settings:
  - MAF  = 0.005
  - MAC  = 30
  - HWE  = 1E-3
  - INFO = 0.3
  - BETA = 10
  - SE   = 10
Your job 7295741 ("gwas.cleaner.COHORT3.rawdata") has been submitted

* Prepping split chunk: [ COHORT3.rawdata.aae ]...

 - heading a temporary file.
 - adding the split data to the temporary file.
 - renaming the temporary file.
‘/hpc/local/CentOS7/dhl_ec/software/MetaGWASToolKit/EXAMPLE/SOMEGWAS/MODEL1/RAW/COHORT3/tmp_file’ -> ‘/hpc/local/CentOS7/dhl_ec/software/MetaGWASToolKit/EXAMPLE/SOMEGWAS/MODEL1/RAW/COHORT3/COHORT3.rawdata.aae’
[1m#========================================================================================================[00m
[1m#== PARSING THE GWAS DATA[00m
[1m#========================================================================================================[00m
[1m#[00m

* Parsing data for cohort COHORT3 [ file: COHORT3.rawdata.aae ].
Your job 7295742 ("gwas.parser.COHORT3.rawdata.aae") has been submitted
[1m#========================================================================================================[00m
[1m#== HARMONIZING THE PARSED GWAS DATA[00m
[1m#========================================================================================================[00m
[1m#[00m

* Harmonising parsed [ COHORT3.rawdata.aae ] file for cohort COHORT3 with 1Gp1...
Your job 7295743 ("gwas2ref.harmonizer.COHORT3.rawdata.aae") has been submitted
[1m#========================================================================================================[00m
[1m#== CLEANING UP THE REFORMATTED GWAS DATA[00m
[1m#========================================================================================================[00m
[1m#[00m

* Cleaning harmonized data for [ COHORT3.rawdata.aae ] file for cohort COHORT3 with 1Gp1
  using the following pre-specified settings:
  - MAF  = 0.005
  - MAC  = 30
  - HWE  = 1E-3
  - INFO = 0.3
  - BETA = 10
  - SE   = 10
Your job 7295744 ("gwas.cleaner.COHORT3.rawdata") has been submitted
[1m#========================================================================================================[00m
[1m#== WRAPPING THE REFORMATTED GWAS DATA: [ COHORT3 ][00m
[1m#========================================================================================================[00m
[1m#[00m

* Wrapping up parsed and harmonized data for cohort COHORT3...
Your job 7295745 ("gwas.wrapper.COHORT3.rawdata") has been submitted
[1m#========================================================================================================[00m
[1m#== PLOTTING THE REFORMATTED & WRAPPED GWAS DATA: [ COHORT3 ][00m
[1m#========================================================================================================[00m
[1m#[00m

* Plotting harmonized data for cohort [ COHORT3 ]...
Your job 7295746 ("gwas.plotter") has been submitted
[1m#========================================================================================================[00m
[1m#== PLOTTING THE CLEANED GWAS DATA: [ COHORT3 ][00m
[1m#========================================================================================================[00m
[1m#[00m

* Plotting the cleaned and harmonized data for cohort [ COHORT3 ]...
Your job 7295747 ("gwas.plotter") has been submitted

+++++++++++++++++++++++++++++++++++++++++++++++++++++++++++++++++++++++++++++++++++++++++++++++++++++++++
+ The MIT License (MIT)                                                                                 +
+ Copyright (c) 2015-2018 Sander W. van der Laan                                                        +
+                                                                                                       +
+ Permission is hereby granted, free of charge, to any person obtaining a copy of this software and     +
+ associated documentation files (the "Software"), to deal in the Software without restriction,         +
+ including without limitation the rights to use, copy, modify, merge, publish, distribute, sublicense, +
+ and/or sell copies of the Software, and to permit persons to whom the Software is furnished to do so, +
+ subject to the following conditions:                                                                  +
+                                                                                                       +
+ The above copyright notice and this permission notice shall be included in all copies or substantial  +
+ portions of the Software.                                                                             +
+                                                                                                       +
+ THE SOFTWARE IS PROVIDED "AS IS", WITHOUT WARRANTY OF ANY KIND, EXPRESS OR IMPLIED, INCLUDING BUT     +
+ NOT LIMITED TO THE WARRANTIES OF MERCHANTABILITY, FITNESS FOR A PARTICULAR PURPOSE AND                +
+ NONINFRINGEMENT. IN NO EVENT SHALL THE AUTHORS OR COPYRIGHT HOLDERS BE LIABLE FOR ANY CLAIM, DAMAGES  +
+ OR OTHER LIABILITY, WHETHER IN AN ACTION OF CONTRACT, TORT OR OTHERWISE, ARISING FROM, OUT OF OR IN   +
+ CONNECTION WITH THE SOFTWARE OR THE USE OR OTHER DEALINGS IN THE SOFTWARE.                            +
+                                                                                                       +
+ Reference: http://opensource.org.                                                                     +
+++++++++++++++++++++++++++++++++++++++++++++++++++++++++++++++++++++++++++++++++++++++++++++++++++++++++

SECOND step: prepare meta-analysis.
[1m+++++++++++++++++++++++++++++++++++++++++++++++++++++++++++++++++++++++++++++++++++++++++++++++++++++++++[00m
[1m          MetaGWASToolKit: A TOOLKIT FOR THE META-ANALYSIS OF GENOME-WIDE ASSOCIATION STUDIES[00m
[1m                                   --- PREPARATION META-ANALYSIS ---[00m
[1m[00m
[1m* Version:      v1.6.1[00m
[1m[00m
[1m* Last update:  2018-08-06[00m
[1m* Based on:     MANTEL, as written by Sara Pulit, Jessica van Setten, and Paul de Bakker.[00m
[1m* Written by:   Sander W. van der Laan | s.w.vanderlaan@gmail.com.[00m
[1m                Sara Pulit; [00m
[1m                Jessica van Setten; [00m
[1m                Paul I.W. de Bakker.[00m
[1m* Testers:      Jessica van Setten.[00m
[1m* Description:  Perform a meta-analysis of genome-wide association studies. It will do the following:[00m
[1m                - Automatically parse the various cohort files.[00m
[1m                - Harmonize GWAS datasets relative to a reference.[00m
[1m                - Perform QC on GWAS datasets using user-defined settings.[00m
[1m                - Produce plots (PDF and PNG) for quick inspection and publication.[00m
[1m                - Run a meta-analysis using Random, Fixed, and Z-score methods.[00m
[1m                - Correct results for the genomic inflation factor.[00m
[1m                - Clump results based on a p-value threshold for downstream (meta-)analyses.[00m
[1m                - Produce plots (PDF and PNG) of the final meta-analysis results for publication.[00m
[1m                - Produce LocusZoom style regional plots for genome-wide significant hits.[00m
[1m                - Produce a ReadMe file.[00m
[1m[00m
[1m* REQUIRED: [00m
[1m  - A high-performance computer cluster with a qsub system[00m
[1m  - R v3.2+, Python 2.7+, Perl.[00m
[1m  - Required Python 2.7+ modules: [pandas], [scipy], [numpy].[00m
[1m  - Required Perl modules: [YAML], [Statistics::Distributions], [Getopt::Long].[00m
[1m  - Note: it will also work on a Mac OS X system with R and Python installed.[00m
[1m[00m
[1m+++++++++++++++++++++++++++++++++++++++++++++++++++++++++++++++++++++++++++++++++++++++++++++++++++++++++[00m
These are the 2 arguments that passed:
The configuration file.................: metagwastoolkit.conf
The list of GWAS files.................: metagwastoolkit.files.list

Checking for the existence of the output directory [ SOMEGWAS ].
> Output directory already exists.

Checking for the existence of the subproject directory [ SOMEGWAS/MODEL1 ].
> Subproject directory already exists.

Checking for the existence of the raw data directory [ SOMEGWAS/MODEL1/RAW ].
> Raw data directory already exists.

Checking for the existence of the meta-analysis results directory [ SOMEGWAS/MODEL1/META ].
> Meta-analysis results directory already exists.
Checking for the existence of the meta-analysis temporary results directory [ SOMEGWAS/MODEL1/META/TEMP ].
> Meta-analysis results temporary directory already exists.


+++++++++++++++++++++++++++++++++++++++++++++++++++++++++++++++++++++++++++++++++++++++++++++++++++++++++

The scene is properly set, and directories are created! 🖖
MetaGWASToolKit program........................: /hpc/local/CentOS7/dhl_ec/software/MetaGWASToolKit
MetaGWASToolKit scripts........................: /hpc/local/CentOS7/dhl_ec/software/MetaGWASToolKit/SCRIPTS
MetaGWASToolKit resources......................: /hpc/local/CentOS7/dhl_ec/software/MetaGWASToolKit/RESOURCES
Reference used.................................: 1Gp1
Main directory.................................: /hpc/local/CentOS7/dhl_ec/software/MetaGWASToolKit/EXAMPLE
Main analysis output directory.................: SOMEGWAS
Subproject's analysis output directory.........: SOMEGWAS/MODEL1
Original data directory........................: /hpc/local/CentOS7/dhl_ec/software/MetaGWASToolKit/EXAMPLE/RAWDATA
We are processing these cohort(s)..............:
     * COHORT1
     * COHORT2
     * COHORT3
Raw data directory.............................: SOMEGWAS/MODEL1/RAW
+++++++++++++++++++++++++++++++++++++++++++++++++++++++++++++++++++++++++++++++++++++++++++++++++++++++++

[1m#########################################################################################################[00m
[1m### PREPARATION META-ANALYSIS[00m
[1m#########################################################################################################[00m
[1m#[00m

+++++++++++++++++++++++++++++++++++++++++++++++++++++++++++++++++++++++++++++++++++++++++++++++++++++++++
Starting the meta-analysis. 

[2m[01;31m#========================================================================================================[00m
[2m[01;31m#== CHECK INDIVIDUAL COHORTS PRE-META-ANALYSIS -- WILL BE ADDED TO FUTURE VERSION[00m
[2m[01;31m#========================================================================================================[00m
[2m[01;31m#[00m
[2m[01;31m#### Add in functions that goes over each cohort and:[00m
[2m[01;31m#### - checks whether it should be included,[00m
[2m[01;31m#### - changes the list of cohorts that should go forward into the meta-analysis,[00m
[2m[01;31m#### - creates param-files automatically.[00m
[1m#========================================================================================================[00m
[1m#== COLLECT ALL UNIQUE VARIANTS ACROSS ALL GWAS COHORTS[00m
[1m#========================================================================================================[00m
[1m#[00m

We will collect all unique variants across all GWAS cohorts.
Your job 7295748 ("gwas.variantcollector") has been submitted
[1m#========================================================================================================[00m
[1m#== ALIGN COHORTS AND SPLIT IN PREPARATION OF META-ANALYSIS[00m
[1m#========================================================================================================[00m
[1m#[00m

We will prepare each cleaned cohort for meta-analysis.

Making subdirectory for COHORT1...
mkdir: created directory ‘/hpc/local/CentOS7/dhl_ec/software/MetaGWASToolKit/EXAMPLE/SOMEGWAS/MODEL1/META/COHORT1’

* Reordering [ COHORT1 ]...
Your job 7295749 ("meta.preparator") has been submitted

Making subdirectory for COHORT2...
mkdir: created directory ‘/hpc/local/CentOS7/dhl_ec/software/MetaGWASToolKit/EXAMPLE/SOMEGWAS/MODEL1/META/COHORT2’

* Reordering [ COHORT2 ]...
Your job 7295750 ("meta.preparator") has been submitted

Making subdirectory for COHORT3...
mkdir: created directory ‘/hpc/local/CentOS7/dhl_ec/software/MetaGWASToolKit/EXAMPLE/SOMEGWAS/MODEL1/META/COHORT3’

* Reordering [ COHORT3 ]...
Your job 7295751 ("meta.preparator") has been submitted

+++++++++++++++++++++++++++++++++++++++++++++++++++++++++++++++++++++++++++++++++++++++++++++++++++++++++
+ The MIT License (MIT)                                                                                 +
+ Copyright (c) 2015-2018 Sander W. van der Laan                                                        +
+                                                                                                       +
+ Permission is hereby granted, free of charge, to any person obtaining a copy of this software and     +
+ associated documentation files (the "Software"), to deal in the Software without restriction,         +
+ including without limitation the rights to use, copy, modify, merge, publish, distribute, sublicense, +
+ and/or sell copies of the Software, and to permit persons to whom the Software is furnished to do so, +
+ subject to the following conditions:                                                                  +
+                                                                                                       +
+ The above copyright notice and this permission notice shall be included in all copies or substantial  +
+ portions of the Software.                                                                             +
+                                                                                                       +
+ THE SOFTWARE IS PROVIDED "AS IS", WITHOUT WARRANTY OF ANY KIND, EXPRESS OR IMPLIED, INCLUDING BUT     +
+ NOT LIMITED TO THE WARRANTIES OF MERCHANTABILITY, FITNESS FOR A PARTICULAR PURPOSE AND                +
+ NONINFRINGEMENT. IN NO EVENT SHALL THE AUTHORS OR COPYRIGHT HOLDERS BE LIABLE FOR ANY CLAIM, DAMAGES  +
+ OR OTHER LIABILITY, WHETHER IN AN ACTION OF CONTRACT, TORT OR OTHERWISE, ARISING FROM, OUT OF OR IN   +
+ CONNECTION WITH THE SOFTWARE OR THE USE OR OTHER DEALINGS IN THE SOFTWARE.                            +
+                                                                                                       +
+ Reference: http://opensource.org.                                                                     +
+++++++++++++++++++++++++++++++++++++++++++++++++++++++++++++++++++++++++++++++++++++++++++++++++++++++++
