+++++++++++++++++++++++++++++++++++++++++++++++++++++++++++++++++++++++++++++++++++++++++++++++++++++++++++++++++++
* Dear Dr. Sammy, you've successfully logged in on the HPC of the UMC Utrecht from somewhere in the Alpha Quadrant.

* Today's: Tue May 9 22:34:01 CEST 2017
* You are here: /hpc/local/CentOS7/dhl_ec/software/MetaGWASToolKit
+++++++++++++++++++++++++++++++++++++++++++++++++++++++++++++++++++++++++++++++++++++++++++++++++++++++++++++++++++

[1m+++++++++++++++++++++++++++++++++++++++++++++++++++++++++++++++++++++++++++++++++++++++++++++++++++++++++[00m
[1m                                    MetaGWASToolKit: Resource Creator[00m
[1m[00m
[1m* Version:      v1.0.3[00m
[1m[00m
[1m* Last update:  2017-05-08[00m
[1m* Written by:   Sander W. van der Laan | UMC Utrecht | s.w.vanderlaan-2@umcutrecht.nl.[00m
[1m* Testers:      Jessica van Setten | UMC Utrecht | j.vansetten@umcutrecht.nl.[00m
[1m* Description:  Downloads, parses and creates the necessary resources for MetaGWASToolKit.[00m
[1m[00m
[1m* REQUIRED: [00m
[1m  - A high-performance computer cluster with a qsub system[00m
[1m  - R v3.2+, Python 2.7+, Perl.[00m
[1m  - Required Python 2.7+ modules: [pandas], [scipy], [numpy].[00m
[1m  - Required Perl modules: [YAML], [Statistics::Distributions], [Getopt::Long].[00m
[1m  - Note: it will also work on a Mac OS X system with R and Python installed.[00m
[1m[00m
[1m+++++++++++++++++++++++++++++++++++++++++++++++++++++++++++++++++++++++++++++++++++++++++++++++++++++++++[00m

[1m#########################################################################################################[00m
[1m### DOWNLOADING 1000G phase 1 and phase 3[00m
[1m#########################################################################################################[00m
[1m#[00m

+++++++++++++++++++++++++++++++++++++++++++++++++++++++++++++++++++++++++++++++++++++++++++++++++++++++++
Downloading and parsing '1000G phase 1 and phase 3'. 
* downloading [ 1000G phase 1 ] ...
* parsing 1000G phase 1.
Your job 7805748 ("VCFparser1Gp1") has been submitted
* updating 1000G phase 1.
Your job 7805749 ("VCF1Gp1plusdbSNP") has been submitted

All done submitting jobs for downloading and parsing 1000G references! 🖖
+++++++++++++++++++++++++++++++++++++++++++++++++++++++++++++++++++++++++++++++++++++++++++++++++++++++++

+++++++++++++++++++++++++++++++++++++++++++++++++++++++++++++++++++++++++++++++++++++++++++++++++++++++++
+ The MIT License (MIT)                                                                                 +
+ Copyright (c) 2015-2017 Sander W. van der Laan                                                        +
+                                                                                                       +
+ Permission is hereby granted, free of charge, to any person obtaining a copy of this software and     +
+ associated documentation files (the "Software"), to deal in the Software without restriction,         +
+ including without limitation the rights to use, copy, modify, merge, publish, distribute, sublicense, +
+ and/or sell copies of the Software, and to permit persons to whom the Software is furnished to do so, +
+ subject to the following conditions:                                                                  +
+                                                                                                       +
+ The above copyright notice and this permission notice shall be included in all copies or substantial  +
+ portions of the Software.                                                                             +
+                                                                                                       +
+ THE SOFTWARE IS PROVIDED "AS IS", WITHOUT WARRANTY OF ANY KIND, EXPRESS OR IMPLIED, INCLUDING BUT     +
+ NOT LIMITED TO THE WARRANTIES OF MERCHANTABILITY, FITNESS FOR A PARTICULAR PURPOSE AND                +
+ NONINFRINGEMENT. IN NO EVENT SHALL THE AUTHORS OR COPYRIGHT HOLDERS BE LIABLE FOR ANY CLAIM, DAMAGES  +
+ OR OTHER LIABILITY, WHETHER IN AN ACTION OF CONTRACT, TORT OR OTHERWISE, ARISING FROM, OUT OF OR IN   +
+ CONNECTION WITH THE SOFTWARE OR THE USE OR OTHER DEALINGS IN THE SOFTWARE.                            +
+                                                                                                       +
+ Reference: http://opensource.org.                                                                     +
+++++++++++++++++++++++++++++++++++++++++++++++++++++++++++++++++++++++++++++++++++++++++++++++++++++++++
